47
Finished: 0.0 -fully_diff- 0.11190285026093938
Finished: 0.0 -control- 0.1589
47
Finished: 0.1 -fully_diff- 0.6907868325973504
Finished: 0.1 -control- 0.7583
47
Finished: 0.2 -fully_diff- 0.6701124046567644
Finished: 0.2 -control- 0.6171
47
Finished: 0.30000000000000004 -fully_diff- 0.46156162183861904
Finished: 0.30000000000000004 -control- 0.657
47
Finished: 0.4 -fully_diff- 0.6800481734243276
Finished: 0.4 -control- 0.7301
47
Finished: 0.5 -fully_diff- 0.7307306302689683
Finished: 0.5 -control- 0.7534
47
Finished: 0.6000000000000001 -fully_diff- 0.8359092733841831
Finished: 0.6000000000000001 -control- 0.7713
47
Finished: 0.7000000000000001 -fully_diff- 0.7254114813327981
Finished: 0.7000000000000001 -control- 0.8086
47
Finished: 0.8 -fully_diff- 0.7405660377358491
Finished: 0.8 -control- 0.661
47
Finished: 0.9 -fully_diff- 0.7365515857085508
Finished: 0.9 -control- 0.4777
47
Finished: 1.0 -fully_diff- 0.8796668004817343
Finished: 1.0 -control- 0.6706
