47
Finished: 0.0 -fully_diff- 0.09725010036130068
Finished: 0.0 -control- 0.0817
47
Finished: 0.01 -fully_diff- 0.411682055399438
Finished: 0.01 -control- 0.5008
47
Finished: 0.02 -fully_diff- 0.47430750702529106
Finished: 0.02 -control- 0.5573
47
Finished: 0.03 -fully_diff- 0.689381774387796
Finished: 0.03 -control- 0.5261
47
Finished: 0.04 -fully_diff- 0.6220393416298675
Finished: 0.04 -control- 0.7624
47
Finished: 0.05 -fully_diff- 0.5222802087515054
Finished: 0.05 -control- 0.7195
47
Finished: 0.06 -fully_diff- 0.7450822962665596
Finished: 0.06 -control- 0.6894
47
Finished: 0.07 -fully_diff- 0.6527498996386993
Finished: 0.07 -control- 0.6328
47
Finished: 0.08 -fully_diff- 0.38659173022882376
Finished: 0.08 -control- 0.6364
47
Finished: 0.09 -fully_diff- 0.7898434363709353
Finished: 0.09 -control- 0.7503
47
Finished: 0.1 -fully_diff- 0.6480329185066238
Finished: 0.1 -control- 0.3757
47
Finished: 0.11 -fully_diff- 0.6460256924929747
Finished: 0.11 -control- 0.6484
47
Finished: 0.12 -fully_diff- 0.8039943797671618
Finished: 0.12 -control- 0.7291
47
Finished: 0.13 -fully_diff- 0.8406262545162585
Finished: 0.13 -control- 0.4733
47
Finished: 0.14 -fully_diff- 0.55800883179446
Finished: 0.14 -control- 0.6602
47
Finished: 0.15 -fully_diff- 0.6717181854676837
Finished: 0.15 -control- 0.7447
47
Finished: 0.16 -fully_diff- 0.8137294259333601
Finished: 0.16 -control- 0.5395
47
Finished: 0.17 -fully_diff- 0.2739863508631072
Finished: 0.17 -control- 0.7529
47
Finished: 0.18 -fully_diff- 0.5205740666399037
Finished: 0.18 -control- 0.7318
47
Finished: 0.19 -fully_diff- 0.6046768366118025
Finished: 0.19 -control- 0.6694
47
Finished: 0.2 -fully_diff- 0.6930951425130469
Finished: 0.2 -control- 0.7466
47
Finished: 0.21 -fully_diff- 0.625451625853071
Finished: 0.21 -control- 0.9034
47
Finished: 0.22 -fully_diff- 0.5890204737053393
Finished: 0.22 -control- 0.7282
47
Finished: 0.23 -fully_diff- 0.6149136892814131
Finished: 0.23 -control- 0.6441
47
Finished: 0.24 -fully_diff- 0.5426535527900441
Finished: 0.24 -control- 0.6414
47
Finished: 0.25 -fully_diff- 0.8352067442794059
Finished: 0.25 -control- 0.6733
47
Finished: 0.26 -fully_diff- 0.7171818546768366
Finished: 0.26 -control- 0.7515
47
Finished: 0.27 -fully_diff- 0.6255519871537535
Finished: 0.27 -control- 0.6412
47
Finished: 0.28 -fully_diff- 0.9189080690485749
Finished: 0.28 -control- 0.646
47
Finished: 0.29 -fully_diff- 0.7288237655560016
Finished: 0.29 -control- 0.7301
47
Finished: 0.3 -fully_diff- 0.7021276595744681
Finished: 0.3 -control- 0.7519
47
Finished: 0.31 -fully_diff- 0.6208350060216781
Finished: 0.31 -control- 0.6512
47
Finished: 0.32 -fully_diff- 0.3748494580489763
Finished: 0.32 -control- 0.817
47
Finished: 0.33 -fully_diff- 0.730028101164191
Finished: 0.33 -control- 0.8132
47
Finished: 0.34 -fully_diff- 0.8841830590124448
Finished: 0.34 -control- 0.72
47
Finished: 0.35000000000000003 -fully_diff- 0.48484544359694903
Finished: 0.35000000000000003 -control- 0.4818
47
Finished: 0.36 -fully_diff- 0.4445002007226014
Finished: 0.36 -control- 0.5567
47
Finished: 0.37 -fully_diff- 0.653552790044159
Finished: 0.37 -control- 0.6458
47
Finished: 0.38 -fully_diff- 0.6719189080690485
Finished: 0.38 -control- 0.6477
47
Finished: 0.39 -fully_diff- 0.6964070654355681
Finished: 0.39 -control- 0.7551
47
Finished: 0.4 -fully_diff- 0.6261541549578482
Finished: 0.4 -control- 0.6663
47
Finished: 0.41000000000000003 -fully_diff- 0.6214371738257728
Finished: 0.41000000000000003 -control- 0.7626
47
Finished: 0.42 -fully_diff- 0.6722199919710959
Finished: 0.42 -control- 0.5697
47
Finished: 0.43 -fully_diff- 0.8296868727418707
Finished: 0.43 -control- 0.6308
47
Finished: 0.44 -fully_diff- 0.8541750301083902
Finished: 0.44 -control- 0.6497
47
Finished: 0.45 -fully_diff- 0.8278803693295865
Finished: 0.45 -control- 0.651
47
Finished: 0.46 -fully_diff- 0.7101565636290647
Finished: 0.46 -control- 0.68
47
Finished: 0.47000000000000003 -fully_diff- 0.7039341629867523
Finished: 0.47000000000000003 -control- 0.9302
47
Finished: 0.48 -fully_diff- 0.9330590124448013
Finished: 0.48 -control- 0.4717
47
Finished: 0.49 -fully_diff- 0.7230028101164191
Finished: 0.49 -control- 0.5553
47
Finished: 0.5 -fully_diff- 0.601264552388599
Finished: 0.5 -control- 0.8454
47
Finished: 0.51 -fully_diff- 0.6160176635889201
Finished: 0.51 -control- 0.9356
47
Finished: 0.52 -fully_diff- 0.5636290646326776
Finished: 0.52 -control- 0.8511
47
Finished: 0.53 -fully_diff- 0.47059413890004015
Finished: 0.53 -control- 0.8511
47
Finished: 0.54 -fully_diff- 0.7022280208751506
Finished: 0.54 -control- 0.7717
47
Finished: 0.55 -fully_diff- 0.6083902047370534
Finished: 0.55 -control- 0.7681
47
Finished: 0.56 -fully_diff- 0.7471898835808912
Finished: 0.56 -control- 0.8523
47
Finished: 0.5700000000000001 -fully_diff- 0.786029706945002
Finished: 0.5700000000000001 -control- 0.6634
47
Finished: 0.58 -fully_diff- 0.47079486150140504
Finished: 0.58 -control- 0.8342
47
Finished: 0.59 -fully_diff- 0.871938980329185
Finished: 0.59 -control- 0.4729
47
Finished: 0.6 -fully_diff- 0.7037334403853874
Finished: 0.6 -control- 0.6552
47
Finished: 0.61 -fully_diff- 0.8035929345644319
Finished: 0.61 -control- 0.8514
47
Finished: 0.62 -fully_diff- 0.9436973103171417
Finished: 0.62 -control- 0.5015
47
Finished: 0.63 -fully_diff- 0.7815134484142915
Finished: 0.63 -control- 0.5897
47
Finished: 0.64 -fully_diff- 0.7641509433962265
Finished: 0.64 -control- 0.4835
47
Finished: 0.65 -fully_diff- 0.6769369731031715
Finished: 0.65 -control- 0.9159
47
Finished: 0.66 -fully_diff- 0.7993777599357688
Finished: 0.66 -control- 0.6734
47
Finished: 0.67 -fully_diff- 0.6469289441991168
Finished: 0.67 -control- 0.5962
47
Finished: 0.68 -fully_diff- 0.8052990766760337
Finished: 0.68 -control- 0.564
47
Finished: 0.6900000000000001 -fully_diff- 0.7212966680048173
Finished: 0.6900000000000001 -control- 0.7505
47
Finished: 0.7000000000000001 -fully_diff- 0.7334403853873946
Finished: 0.7000000000000001 -control- 0.858
47
Finished: 0.71 -fully_diff- 0.7547169811320755
Finished: 0.71 -control- 0.7803
47
Finished: 0.72 -fully_diff- 0.8316940987555199
Finished: 0.72 -control- 0.5948
47
Finished: 0.73 -fully_diff- 0.7629466077880369
Finished: 0.73 -control- 0.5886
47
Finished: 0.74 -fully_diff- 0.7644520272982738
Finished: 0.74 -control- 0.7757
47
Finished: 0.75 -fully_diff- 0.7810116419108791
Finished: 0.75 -control- 0.867
47
Finished: 0.76 -fully_diff- 0.6310718586912887
Finished: 0.76 -control- 0.5879
47
Finished: 0.77 -fully_diff- 0.5008028904054597
Finished: 0.77 -control- 0.8538
47
Finished: 0.78 -fully_diff- 0.5205740666399037
Finished: 0.78 -control- 0.481
47
Finished: 0.79 -fully_diff- 0.7664592533119229
Finished: 0.79 -control- 0.6799
47
Finished: 0.8 -fully_diff- 0.601264552388599
Finished: 0.8 -control- 0.4952
47
Finished: 0.81 -fully_diff- 0.6577679646728222
Finished: 0.81 -control- 0.4757
47
Finished: 0.8200000000000001 -fully_diff- 0.7072460859092734
Finished: 0.8200000000000001 -control- 0.5873
47
Finished: 0.8300000000000001 -fully_diff- 0.6491368928141309
Finished: 0.8300000000000001 -control- 0.7701
47
Finished: 0.84 -fully_diff- 0.8733440385387394
Finished: 0.84 -control- 0.5839
47
Finished: 0.85 -fully_diff- 0.7305299076676034
Finished: 0.85 -control- 0.6457
47
Finished: 0.86 -fully_diff- 0.7472902448815737
Finished: 0.86 -control- 0.6756
47
Finished: 0.87 -fully_diff- 0.8795664391810518
Finished: 0.87 -control- 0.7757
47
Finished: 0.88 -fully_diff- 0.6757326374949819
Finished: 0.88 -control- 0.6819
47
Finished: 0.89 -fully_diff- 0.6686069851465275
Finished: 0.89 -control- 0.7808
47
Finished: 0.9 -fully_diff- 0.8042954636692091
Finished: 0.9 -control- 0.8414
47
Finished: 0.91 -fully_diff- 0.8008831794460056
Finished: 0.91 -control- 0.6603
47
Finished: 0.92 -fully_diff- 0.5844038538739462
Finished: 0.92 -control- 0.4782
47
Finished: 0.93 -fully_diff- 0.6692091529506222
Finished: 0.93 -control- 0.5759
47
Finished: 0.9400000000000001 -fully_diff- 0.6295664391810518
Finished: 0.9400000000000001 -control- 0.6806
47
Finished: 0.9500000000000001 -fully_diff- 0.7450822962665596
Finished: 0.9500000000000001 -control- 0.9546
47
Finished: 0.96 -fully_diff- 0.6643918105178643
Finished: 0.96 -control- 0.4782
47
Finished: 0.97 -fully_diff- 0.9286431152147732
Finished: 0.97 -control- 0.5794
47
Finished: 0.98 -fully_diff- 0.5497792051384987
Finished: 0.98 -control- 0.5766
47
Finished: 0.99 -fully_diff- 0.666097952629466
Finished: 0.99 -control- 0.864
47
Finished: 1.0 -fully_diff- 0.7039341629867523
Finished: 1.0 -control- 0.6839
